  Actor.cpp
D:\College\Winter 24\CS 32 Coding\Proj 3\MarbleMadness-Part 2\MarbleMadness\MarbleMadness\Actor.cpp(74,27): warning C4244: “return”: 从“double”转换到“int”，可能丢失数据
D:\College\Winter 24\CS 32 Coding\Proj 3\MarbleMadness-Part 2\MarbleMadness\MarbleMadness\Actor.cpp(123,54): warning C4244: “参数”: 从“double”转换到“int”，可能丢失数据
D:\College\Winter 24\CS 32 Coding\Proj 3\MarbleMadness-Part 2\MarbleMadness\MarbleMadness\Actor.cpp(123,45): warning C4244: “参数”: 从“double”转换到“int”，可能丢失数据
D:\College\Winter 24\CS 32 Coding\Proj 3\MarbleMadness-Part 2\MarbleMadness\MarbleMadness\Actor.cpp(127,54): warning C4244: “参数”: 从“double”转换到“int”，可能丢失数据
D:\College\Winter 24\CS 32 Coding\Proj 3\MarbleMadness-Part 2\MarbleMadness\MarbleMadness\Actor.cpp(127,45): warning C4244: “参数”: 从“double”转换到“int”，可能丢失数据
D:\College\Winter 24\CS 32 Coding\Proj 3\MarbleMadness-Part 2\MarbleMadness\MarbleMadness\Actor.cpp(131,54): warning C4244: “参数”: 从“double”转换到“int”，可能丢失数据
D:\College\Winter 24\CS 32 Coding\Proj 3\MarbleMadness-Part 2\MarbleMadness\MarbleMadness\Actor.cpp(131,47): warning C4244: “参数”: 从“double”转换到“int”，可能丢失数据
D:\College\Winter 24\CS 32 Coding\Proj 3\MarbleMadness-Part 2\MarbleMadness\MarbleMadness\Actor.cpp(135,54): warning C4244: “参数”: 从“double”转换到“int”，可能丢失数据
D:\College\Winter 24\CS 32 Coding\Proj 3\MarbleMadness-Part 2\MarbleMadness\MarbleMadness\Actor.cpp(135,47): warning C4244: “参数”: 从“double”转换到“int”，可能丢失数据
D:\College\Winter 24\CS 32 Coding\Proj 3\MarbleMadness-Part 2\MarbleMadness\MarbleMadness\Actor.cpp(264,42): warning C4244: “参数”: 从“double”转换到“int”，可能丢失数据
D:\College\Winter 24\CS 32 Coding\Proj 3\MarbleMadness-Part 2\MarbleMadness\MarbleMadness\Actor.cpp(264,34): warning C4244: “参数”: 从“double”转换到“int”，可能丢失数据
D:\College\Winter 24\CS 32 Coding\Proj 3\MarbleMadness-Part 2\MarbleMadness\MarbleMadness\Actor.cpp(283,45): warning C4244: “参数”: 从“double”转换到“int”，可能丢失数据
D:\College\Winter 24\CS 32 Coding\Proj 3\MarbleMadness-Part 2\MarbleMadness\MarbleMadness\Actor.cpp(283,37): warning C4244: “参数”: 从“double”转换到“int”，可能丢失数据
D:\College\Winter 24\CS 32 Coding\Proj 3\MarbleMadness-Part 2\MarbleMadness\MarbleMadness\Actor.cpp(370,51): warning C4244: “参数”: 从“double”转换到“int”，可能丢失数据
D:\College\Winter 24\CS 32 Coding\Proj 3\MarbleMadness-Part 2\MarbleMadness\MarbleMadness\Actor.cpp(370,43): warning C4244: “参数”: 从“double”转换到“int”，可能丢失数据
D:\College\Winter 24\CS 32 Coding\Proj 3\MarbleMadness-Part 2\MarbleMadness\MarbleMadness\Actor.cpp(371,50): warning C4244: “参数”: 从“double”转换到“int”，可能丢失数据
D:\College\Winter 24\CS 32 Coding\Proj 3\MarbleMadness-Part 2\MarbleMadness\MarbleMadness\Actor.cpp(371,42): warning C4244: “参数”: 从“double”转换到“int”，可能丢失数据
D:\College\Winter 24\CS 32 Coding\Proj 3\MarbleMadness-Part 2\MarbleMadness\MarbleMadness\Actor.cpp(378,46): warning C4244: “参数”: 从“double”转换到“int”，可能丢失数据
D:\College\Winter 24\CS 32 Coding\Proj 3\MarbleMadness-Part 2\MarbleMadness\MarbleMadness\Actor.cpp(378,38): warning C4244: “参数”: 从“double”转换到“int”，可能丢失数据
D:\College\Winter 24\CS 32 Coding\Proj 3\MarbleMadness-Part 2\MarbleMadness\MarbleMadness\Actor.cpp(507,25): warning C4244: “初始化”: 从“double”转换到“int”，可能丢失数据
D:\College\Winter 24\CS 32 Coding\Proj 3\MarbleMadness-Part 2\MarbleMadness\MarbleMadness\Actor.cpp(508,49): warning C4244: “参数”: 从“double”转换到“int”，可能丢失数据
D:\College\Winter 24\CS 32 Coding\Proj 3\MarbleMadness-Part 2\MarbleMadness\MarbleMadness\Actor.cpp(508,87): warning C4244: “参数”: 从“double”转换到“int”，可能丢失数据
D:\College\Winter 24\CS 32 Coding\Proj 3\MarbleMadness-Part 2\MarbleMadness\MarbleMadness\Actor.cpp(508,121): warning C4244: “参数”: 从“double”转换到“int”，可能丢失数据
D:\College\Winter 24\CS 32 Coding\Proj 3\MarbleMadness-Part 2\MarbleMadness\MarbleMadness\Actor.cpp(514,44): warning C4244: “参数”: 从“double”转换到“int”，可能丢失数据
D:\College\Winter 24\CS 32 Coding\Proj 3\MarbleMadness-Part 2\MarbleMadness\MarbleMadness\Actor.cpp(514,33): warning C4244: “参数”: 从“double”转换到“int”，可能丢失数据
D:\College\Winter 24\CS 32 Coding\Proj 3\MarbleMadness-Part 2\MarbleMadness\MarbleMadness\Actor.cpp(522,25): warning C4244: “初始化”: 从“double”转换到“int”，可能丢失数据
D:\College\Winter 24\CS 32 Coding\Proj 3\MarbleMadness-Part 2\MarbleMadness\MarbleMadness\Actor.cpp(523,49): warning C4244: “参数”: 从“double”转换到“int”，可能丢失数据
D:\College\Winter 24\CS 32 Coding\Proj 3\MarbleMadness-Part 2\MarbleMadness\MarbleMadness\Actor.cpp(523,87): warning C4244: “参数”: 从“double”转换到“int”，可能丢失数据
D:\College\Winter 24\CS 32 Coding\Proj 3\MarbleMadness-Part 2\MarbleMadness\MarbleMadness\Actor.cpp(523,121): warning C4244: “参数”: 从“double”转换到“int”，可能丢失数据
D:\College\Winter 24\CS 32 Coding\Proj 3\MarbleMadness-Part 2\MarbleMadness\MarbleMadness\Actor.cpp(529,44): warning C4244: “参数”: 从“double”转换到“int”，可能丢失数据
D:\College\Winter 24\CS 32 Coding\Proj 3\MarbleMadness-Part 2\MarbleMadness\MarbleMadness\Actor.cpp(529,33): warning C4244: “参数”: 从“double”转换到“int”，可能丢失数据
D:\College\Winter 24\CS 32 Coding\Proj 3\MarbleMadness-Part 2\MarbleMadness\MarbleMadness\Actor.cpp(537,25): warning C4244: “初始化”: 从“double”转换到“int”，可能丢失数据
D:\College\Winter 24\CS 32 Coding\Proj 3\MarbleMadness-Part 2\MarbleMadness\MarbleMadness\Actor.cpp(538,52): warning C4244: “参数”: 从“double”转换到“int”，可能丢失数据
D:\College\Winter 24\CS 32 Coding\Proj 3\MarbleMadness-Part 2\MarbleMadness\MarbleMadness\Actor.cpp(538,90): warning C4244: “参数”: 从“double”转换到“int”，可能丢失数据
D:\College\Winter 24\CS 32 Coding\Proj 3\MarbleMadness-Part 2\MarbleMadness\MarbleMadness\Actor.cpp(538,124): warning C4244: “参数”: 从“double”转换到“int”，可能丢失数据
D:\College\Winter 24\CS 32 Coding\Proj 3\MarbleMadness-Part 2\MarbleMadness\MarbleMadness\Actor.cpp(544,45): warning C4244: “参数”: 从“double”转换到“int”，可能丢失数据
D:\College\Winter 24\CS 32 Coding\Proj 3\MarbleMadness-Part 2\MarbleMadness\MarbleMadness\Actor.cpp(544,36): warning C4244: “参数”: 从“double”转换到“int”，可能丢失数据
D:\College\Winter 24\CS 32 Coding\Proj 3\MarbleMadness-Part 2\MarbleMadness\MarbleMadness\Actor.cpp(552,25): warning C4244: “初始化”: 从“double”转换到“int”，可能丢失数据
D:\College\Winter 24\CS 32 Coding\Proj 3\MarbleMadness-Part 2\MarbleMadness\MarbleMadness\Actor.cpp(553,52): warning C4244: “参数”: 从“double”转换到“int”，可能丢失数据
D:\College\Winter 24\CS 32 Coding\Proj 3\MarbleMadness-Part 2\MarbleMadness\MarbleMadness\Actor.cpp(553,90): warning C4244: “参数”: 从“double”转换到“int”，可能丢失数据
D:\College\Winter 24\CS 32 Coding\Proj 3\MarbleMadness-Part 2\MarbleMadness\MarbleMadness\Actor.cpp(553,124): warning C4244: “参数”: 从“double”转换到“int”，可能丢失数据
D:\College\Winter 24\CS 32 Coding\Proj 3\MarbleMadness-Part 2\MarbleMadness\MarbleMadness\Actor.cpp(559,45): warning C4244: “参数”: 从“double”转换到“int”，可能丢失数据
D:\College\Winter 24\CS 32 Coding\Proj 3\MarbleMadness-Part 2\MarbleMadness\MarbleMadness\Actor.cpp(559,36): warning C4244: “参数”: 从“double”转换到“int”，可能丢失数据
D:\College\Winter 24\CS 32 Coding\Proj 3\MarbleMadness-Part 2\MarbleMadness\MarbleMadness\Actor.cpp(584,69): warning C4244: “参数”: 从“double”转换到“int”，可能丢失数据
D:\College\Winter 24\CS 32 Coding\Proj 3\MarbleMadness-Part 2\MarbleMadness\MarbleMadness\Actor.cpp(584,58): warning C4244: “参数”: 从“double”转换到“int”，可能丢失数据
D:\College\Winter 24\CS 32 Coding\Proj 3\MarbleMadness-Part 2\MarbleMadness\MarbleMadness\Actor.cpp(592,69): warning C4244: “参数”: 从“double”转换到“int”，可能丢失数据
D:\College\Winter 24\CS 32 Coding\Proj 3\MarbleMadness-Part 2\MarbleMadness\MarbleMadness\Actor.cpp(592,58): warning C4244: “参数”: 从“double”转换到“int”，可能丢失数据
D:\College\Winter 24\CS 32 Coding\Proj 3\MarbleMadness-Part 2\MarbleMadness\MarbleMadness\Actor.cpp(600,68): warning C4244: “参数”: 从“double”转换到“int”，可能丢失数据
D:\College\Winter 24\CS 32 Coding\Proj 3\MarbleMadness-Part 2\MarbleMadness\MarbleMadness\Actor.cpp(600,60): warning C4244: “参数”: 从“double”转换到“int”，可能丢失数据
D:\College\Winter 24\CS 32 Coding\Proj 3\MarbleMadness-Part 2\MarbleMadness\MarbleMadness\Actor.cpp(608,70): warning C4244: “参数”: 从“double”转换到“int”，可能丢失数据
D:\College\Winter 24\CS 32 Coding\Proj 3\MarbleMadness-Part 2\MarbleMadness\MarbleMadness\Actor.cpp(608,61): warning C4244: “参数”: 从“double”转换到“int”，可能丢失数据
D:\College\Winter 24\CS 32 Coding\Proj 3\MarbleMadness-Part 2\MarbleMadness\MarbleMadness\Actor.cpp(655,52): warning C4244: “参数”: 从“double”转换到“int”，可能丢失数据
D:\College\Winter 24\CS 32 Coding\Proj 3\MarbleMadness-Part 2\MarbleMadness\MarbleMadness\Actor.cpp(655,44): warning C4244: “参数”: 从“double”转换到“int”，可能丢失数据
D:\College\Winter 24\CS 32 Coding\Proj 3\MarbleMadness-Part 2\MarbleMadness\MarbleMadness\Actor.cpp(659,56): warning C4244: “参数”: 从“double”转换到“int”，可能丢失数据
D:\College\Winter 24\CS 32 Coding\Proj 3\MarbleMadness-Part 2\MarbleMadness\MarbleMadness\Actor.cpp(659,48): warning C4244: “参数”: 从“double”转换到“int”，可能丢失数据
D:\College\Winter 24\CS 32 Coding\Proj 3\MarbleMadness-Part 2\MarbleMadness\MarbleMadness\Actor.cpp(663,47): warning C4244: “参数”: 从“double”转换到“int”，可能丢失数据
D:\College\Winter 24\CS 32 Coding\Proj 3\MarbleMadness-Part 2\MarbleMadness\MarbleMadness\Actor.cpp(663,39): warning C4244: “参数”: 从“double”转换到“int”，可能丢失数据
D:\College\Winter 24\CS 32 Coding\Proj 3\MarbleMadness-Part 2\MarbleMadness\MarbleMadness\Actor.cpp(678,53): warning C4244: “参数”: 从“double”转换到“int”，可能丢失数据
D:\College\Winter 24\CS 32 Coding\Proj 3\MarbleMadness-Part 2\MarbleMadness\MarbleMadness\Actor.cpp(678,45): warning C4244: “参数”: 从“double”转换到“int”，可能丢失数据
D:\College\Winter 24\CS 32 Coding\Proj 3\MarbleMadness-Part 2\MarbleMadness\MarbleMadness\Actor.cpp(682,70): warning C4244: “参数”: 从“double”转换到“int”，可能丢失数据
D:\College\Winter 24\CS 32 Coding\Proj 3\MarbleMadness-Part 2\MarbleMadness\MarbleMadness\Actor.cpp(682,62): warning C4244: “参数”: 从“double”转换到“int”，可能丢失数据
D:\College\Winter 24\CS 32 Coding\Proj 3\MarbleMadness-Part 2\MarbleMadness\MarbleMadness\Actor.cpp(683,59): warning C4244: “参数”: 从“double”转换到“int”，可能丢失数据
D:\College\Winter 24\CS 32 Coding\Proj 3\MarbleMadness-Part 2\MarbleMadness\MarbleMadness\Actor.cpp(683,51): warning C4244: “参数”: 从“double”转换到“int”，可能丢失数据
D:\College\Winter 24\CS 32 Coding\Proj 3\MarbleMadness-Part 2\MarbleMadness\MarbleMadness\Actor.cpp(694,68): warning C4244: “参数”: 从“double”转换到“int”，可能丢失数据
D:\College\Winter 24\CS 32 Coding\Proj 3\MarbleMadness-Part 2\MarbleMadness\MarbleMadness\Actor.cpp(694,57): warning C4244: “参数”: 从“double”转换到“int”，可能丢失数据
D:\College\Winter 24\CS 32 Coding\Proj 3\MarbleMadness-Part 2\MarbleMadness\MarbleMadness\Actor.cpp(705,68): warning C4244: “参数”: 从“double”转换到“int”，可能丢失数据
D:\College\Winter 24\CS 32 Coding\Proj 3\MarbleMadness-Part 2\MarbleMadness\MarbleMadness\Actor.cpp(705,57): warning C4244: “参数”: 从“double”转换到“int”，可能丢失数据
D:\College\Winter 24\CS 32 Coding\Proj 3\MarbleMadness-Part 2\MarbleMadness\MarbleMadness\Actor.cpp(716,67): warning C4244: “参数”: 从“double”转换到“int”，可能丢失数据
D:\College\Winter 24\CS 32 Coding\Proj 3\MarbleMadness-Part 2\MarbleMadness\MarbleMadness\Actor.cpp(716,59): warning C4244: “参数”: 从“double”转换到“int”，可能丢失数据
D:\College\Winter 24\CS 32 Coding\Proj 3\MarbleMadness-Part 2\MarbleMadness\MarbleMadness\Actor.cpp(727,67): warning C4244: “参数”: 从“double”转换到“int”，可能丢失数据
D:\College\Winter 24\CS 32 Coding\Proj 3\MarbleMadness-Part 2\MarbleMadness\MarbleMadness\Actor.cpp(727,59): warning C4244: “参数”: 从“double”转换到“int”，可能丢失数据
D:\College\Winter 24\CS 32 Coding\Proj 3\MarbleMadness-Part 2\MarbleMadness\MarbleMadness\Actor.cpp(754,71): warning C4244: “参数”: 从“double”转换到“int”，可能丢失数据
D:\College\Winter 24\CS 32 Coding\Proj 3\MarbleMadness-Part 2\MarbleMadness\MarbleMadness\Actor.cpp(754,61): warning C4244: “参数”: 从“double”转换到“int”，可能丢失数据
D:\College\Winter 24\CS 32 Coding\Proj 3\MarbleMadness-Part 2\MarbleMadness\MarbleMadness\Actor.cpp(774,71): warning C4244: “参数”: 从“double”转换到“int”，可能丢失数据
D:\College\Winter 24\CS 32 Coding\Proj 3\MarbleMadness-Part 2\MarbleMadness\MarbleMadness\Actor.cpp(774,61): warning C4244: “参数”: 从“double”转换到“int”，可能丢失数据
D:\College\Winter 24\CS 32 Coding\Proj 3\MarbleMadness-Part 2\MarbleMadness\MarbleMadness\Actor.cpp(794,75): warning C4244: “参数”: 从“double”转换到“int”，可能丢失数据
D:\College\Winter 24\CS 32 Coding\Proj 3\MarbleMadness-Part 2\MarbleMadness\MarbleMadness\Actor.cpp(794,67): warning C4244: “参数”: 从“double”转换到“int”，可能丢失数据
D:\College\Winter 24\CS 32 Coding\Proj 3\MarbleMadness-Part 2\MarbleMadness\MarbleMadness\Actor.cpp(814,71): warning C4244: “参数”: 从“double”转换到“int”，可能丢失数据
D:\College\Winter 24\CS 32 Coding\Proj 3\MarbleMadness-Part 2\MarbleMadness\MarbleMadness\Actor.cpp(814,63): warning C4244: “参数”: 从“double”转换到“int”，可能丢失数据
D:\College\Winter 24\CS 32 Coding\Proj 3\MarbleMadness-Part 2\MarbleMadness\MarbleMadness\Actor.cpp(857,84): warning C4244: “参数”: 从“double”转换到“int”，可能丢失数据
D:\College\Winter 24\CS 32 Coding\Proj 3\MarbleMadness-Part 2\MarbleMadness\MarbleMadness\Actor.cpp(857,72): warning C4244: “参数”: 从“double”转换到“int”，可能丢失数据
D:\College\Winter 24\CS 32 Coding\Proj 3\MarbleMadness-Part 2\MarbleMadness\MarbleMadness\Actor.cpp(857,60): warning C4244: “参数”: 从“double”转换到“int”，可能丢失数据
D:\College\Winter 24\CS 32 Coding\Proj 3\MarbleMadness-Part 2\MarbleMadness\MarbleMadness\Actor.cpp(857,48): warning C4244: “参数”: 从“double”转换到“int”，可能丢失数据
D:\College\Winter 24\CS 32 Coding\Proj 3\MarbleMadness-Part 2\MarbleMadness\MarbleMadness\Actor.cpp(858,58): warning C4244: “参数”: 从“double”转换到“int”，可能丢失数据
D:\College\Winter 24\CS 32 Coding\Proj 3\MarbleMadness-Part 2\MarbleMadness\MarbleMadness\Actor.cpp(858,51): warning C4244: “参数”: 从“double”转换到“int”，可能丢失数据
D:\College\Winter 24\CS 32 Coding\Proj 3\MarbleMadness-Part 2\MarbleMadness\MarbleMadness\Actor.cpp(863,54): warning C4244: “参数”: 从“double”转换到“int”，可能丢失数据
D:\College\Winter 24\CS 32 Coding\Proj 3\MarbleMadness-Part 2\MarbleMadness\MarbleMadness\Actor.cpp(863,46): warning C4244: “参数”: 从“double”转换到“int”，可能丢失数据
D:\College\Winter 24\CS 32 Coding\Proj 3\MarbleMadness-Part 2\MarbleMadness\MarbleMadness\Actor.cpp(868,50): warning C4244: “参数”: 从“double”转换到“int”，可能丢失数据
D:\College\Winter 24\CS 32 Coding\Proj 3\MarbleMadness-Part 2\MarbleMadness\MarbleMadness\Actor.cpp(868,42): warning C4244: “参数”: 从“double”转换到“int”，可能丢失数据
  MarbleMadness.vcxproj -> D:\College\Winter 24\CS 32 Coding\Proj 3\MarbleMadness-Part 2\MarbleMadness\Debug\MarbleMadness.exe
